<?xml version="1.0" encoding="UTF-8"?>
<!-- Generated by org.testng.reporters.JUnitReportReporter -->
<testsuite hostname="Eduard-Zaplotynskyi" failures="0" tests="1" name="TestPackage.testng_prjoect" time="0.001" errors="0" timestamp="2023-12-30T14:28:36 EST" skipped="0">
  <testcase classname="TestPackage.testng_prjoect" name="TestingLoginPage" time="0.001"/>
  <system-out/>
</testsuite> <!-- TestPackage.testng_prjoect -->
