<?xml version="1.0" encoding="UTF-8"?>
<!-- Generated by org.testng.reporters.JUnitReportReporter -->
<testsuite hostname="Eduard-Zaplotynskyi" failures="0" tests="2" name="TestPackage.amazon" time="0.002" errors="0" timestamp="2023-12-30T14:28:36 EST" skipped="0">
  <testcase classname="TestPackage.amazon" name="AmazonDropDown" time="0.001"/>
  <system-out/>
  <testcase classname="TestPackage.amazon" name="AmazonLandingPage" time="0.001"/>
  <system-out/>
</testsuite> <!-- TestPackage.amazon -->
