<?xml version="1.0" encoding="UTF-8"?>
<!-- Generated by org.testng.reporters.JUnitReportReporter -->
<testsuite hostname="Eduard-Zaplotynskyi" failures="0" tests="1" name="TestPackage.testng_prjoect" time="4.933" errors="0" timestamp="2023-12-28T20:15:45 EST" skipped="0">
  <testcase classname="TestPackage.testng_prjoect" name="TestNG" time="4.933"/>
  <system-out/>
</testsuite> <!-- TestPackage.testng_prjoect -->
