<?xml version="1.0" encoding="UTF-8"?>
<!-- Generated by org.testng.reporters.JUnitReportReporter -->
<testsuite hostname="Eduard-Zaplotynskyi" failures="0" tests="4" name="TestPackage.booking" time="0.017" errors="0" timestamp="2023-12-30T15:39:14 EST" skipped="0">
  <testcase classname="TestPackage.booking" name="BookingTesting" time="0.002"/>
  <system-out/>
  <testcase classname="TestPackage.booking" name="BookingDestination" time="0.001"/>
  <system-out/>
  <testcase classname="TestPackage.booking" name="BookingPassengers" time="0.012"/>
  <system-out/>
  <testcase classname="TestPackage.booking" name="PickingUpDate" time="0.002"/>
  <system-out/>
</testsuite> <!-- TestPackage.booking -->
